<?xml version="1.0" encoding="UTF-8"?>
<beans xmlns="http://www.springframework.org/schema/beans"

	xmlns:xsi="http://www.w3.org/2001/XMLSchema-instance"
	xmlns:util="http://www.springframework.org/schema/util"
	xmlns:context="http://www.springframework.org/schema/context"
	xmlns:tx="http://www.springframework.org/schema/tx"
	
	xsi:schemaLocation="
		http://www.springframework.org/schema/beans http://www.springframework.org/schema/beans/spring-beans.xsd
		http://www.springframework.org/schema/util http://www.springframework.org/schema/util/spring-util-2.5.xsd
		http://www.springframework.org/schema/context http://www.springframework.org/schema/context/spring-context-2.5.xsd
		http://www.springframework.org/schema/tx http://www.springframework.org/schema/tx/spring-tx-2.5.xsd
	">

	<bean id="notThreadable" class="NotThreadable" scope="prototype"/>
	
	<bean id="dependsOnNotThreadable" class="DependsOnNotThreadable">
		<property name="notThreadable" ref="notThreadable" />
		<lookup-method name="getNotThreadables" bean="notThreadables"/>
	</bean>

	<util:list id="notThreadables" scope="prototype">
		<ref bean="notThreadable"/>
	</util:list>
	
</beans>
